  [1m[35m (7.4ms)[0m  [1m[35mCREATE TABLE "schema_migrations" ("version" varchar NOT NULL PRIMARY KEY)[0m
  [1m[35m (4.8ms)[0m  [1m[35mCREATE TABLE "ar_internal_metadata" ("key" varchar NOT NULL PRIMARY KEY, "value" varchar, "created_at" datetime(6) NOT NULL, "updated_at" datetime(6) NOT NULL)[0m
  [1m[36mActiveRecord::SchemaMigration Pluck (0.1ms)[0m  [1m[34mSELECT "schema_migrations"."version" FROM "schema_migrations" ORDER BY "schema_migrations"."version" ASC[0m
  [1m[36mActiveRecord::SchemaMigration Pluck (0.1ms)[0m  [1m[34mSELECT "schema_migrations"."version" FROM "schema_migrations" ORDER BY "schema_migrations"."version" ASC[0m
  [1m[36mActiveRecord::SchemaMigration Pluck (0.1ms)[0m  [1m[34mSELECT "schema_migrations"."version" FROM "schema_migrations" ORDER BY "schema_migrations"."version" ASC[0m
  [1m[36mActiveRecord::SchemaMigration Pluck (0.1ms)[0m  [1m[34mSELECT "schema_migrations"."version" FROM "schema_migrations" ORDER BY "schema_migrations"."version" ASC[0m
  [1m[35m (11.5ms)[0m  [1m[35mCREATE TABLE "schema_migrations" ("version" varchar NOT NULL PRIMARY KEY)[0m
  [1m[35m (5.1ms)[0m  [1m[35mCREATE TABLE "ar_internal_metadata" ("key" varchar NOT NULL PRIMARY KEY, "value" varchar, "created_at" datetime(6) NOT NULL, "updated_at" datetime(6) NOT NULL)[0m
  [1m[36mActiveRecord::SchemaMigration Pluck (0.1ms)[0m  [1m[34mSELECT "schema_migrations"."version" FROM "schema_migrations" ORDER BY "schema_migrations"."version" ASC[0m
Migrating to CreatePizzas (20230320100158)
  [1m[36mTRANSACTION (0.0ms)[0m  [1m[36mbegin transaction[0m
  [1m[35m (0.2ms)[0m  [1m[35mCREATE TABLE "pizzas" ("id" integer PRIMARY KEY AUTOINCREMENT NOT NULL, "name" varchar, "ingredients" varchar, "created_at" datetime(6) NOT NULL, "updated_at" datetime(6) NOT NULL)[0m
  [1m[36mActiveRecord::SchemaMigration Create (0.2ms)[0m  [1m[32mINSERT INTO "schema_migrations" ("version") VALUES (?)[0m  [["version", "20230320100158"]]
  [1m[36mTRANSACTION (5.0ms)[0m  [1m[36mcommit transaction[0m
Migrating to CreateRestaurants (20230320103650)
  [1m[36mTRANSACTION (0.1ms)[0m  [1m[36mbegin transaction[0m
  [1m[35m (0.3ms)[0m  [1m[35mCREATE TABLE "restaurants" ("id" integer PRIMARY KEY AUTOINCREMENT NOT NULL, "name" varchar, "address" varchar, "created_at" datetime(6) NOT NULL, "updated_at" datetime(6) NOT NULL)[0m
  [1m[36mActiveRecord::SchemaMigration Create (0.1ms)[0m  [1m[32mINSERT INTO "schema_migrations" ("version") VALUES (?)[0m  [["version", "20230320103650"]]
  [1m[36mTRANSACTION (4.5ms)[0m  [1m[36mcommit transaction[0m
Migrating to CreateRestaurantPizzas (20230320113603)
  [1m[36mTRANSACTION (0.1ms)[0m  [1m[36mbegin transaction[0m
  [1m[35m (0.3ms)[0m  [1m[35mCREATE TABLE "restaurant_pizzas" ("id" integer PRIMARY KEY AUTOINCREMENT NOT NULL, "restaurant_id" integer NOT NULL, "pizza_id" integer NOT NULL, "price" integer, "created_at" datetime(6) NOT NULL, "updated_at" datetime(6) NOT NULL, CONSTRAINT "fk_rails_f279821f06"
FOREIGN KEY ("restaurant_id")
  REFERENCES "restaurants" ("id")
, CONSTRAINT "fk_rails_ab3bb148dc"
FOREIGN KEY ("pizza_id")
  REFERENCES "pizzas" ("id")
)[0m
  [1m[35m (0.1ms)[0m  [1m[35mCREATE INDEX "index_restaurant_pizzas_on_restaurant_id" ON "restaurant_pizzas" ("restaurant_id")[0m
  [1m[35m (0.1ms)[0m  [1m[35mCREATE INDEX "index_restaurant_pizzas_on_pizza_id" ON "restaurant_pizzas" ("pizza_id")[0m
  [1m[36mActiveRecord::SchemaMigration Create (0.2ms)[0m  [1m[32mINSERT INTO "schema_migrations" ("version") VALUES (?)[0m  [["version", "20230320113603"]]
  [1m[36mTRANSACTION (5.0ms)[0m  [1m[36mcommit transaction[0m
  [1m[36mActiveRecord::InternalMetadata Load (0.1ms)[0m  [1m[34mSELECT "ar_internal_metadata".* FROM "ar_internal_metadata" WHERE "ar_internal_metadata"."key" = ? LIMIT ?[0m  [["key", "environment"], ["LIMIT", 1]]
  [1m[36mTRANSACTION (0.1ms)[0m  [1m[36mbegin transaction[0m
  [1m[36mActiveRecord::InternalMetadata Create (0.2ms)[0m  [1m[32mINSERT INTO "ar_internal_metadata" ("key", "value", "created_at", "updated_at") VALUES (?, ?, ?, ?)[0m  [["key", "environment"], ["value", "development"], ["created_at", "2023-03-20 11:40:10.340291"], ["updated_at", "2023-03-20 11:40:10.340291"]]
  [1m[36mTRANSACTION (4.1ms)[0m  [1m[36mcommit transaction[0m
  [1m[36mActiveRecord::SchemaMigration Pluck (0.1ms)[0m  [1m[34mSELECT "schema_migrations"."version" FROM "schema_migrations" ORDER BY "schema_migrations"."version" ASC[0m
  [1m[36mActiveRecord::SchemaMigration Pluck (0.1ms)[0m  [1m[34mSELECT "schema_migrations"."version" FROM "schema_migrations" ORDER BY "schema_migrations"."version" ASC[0m
  [1m[36mTRANSACTION (0.1ms)[0m  [1m[36mbegin transaction[0m
  [1m[36mPizza Create (0.2ms)[0m  [1m[32mINSERT INTO "pizzas" ("name", "ingredients", "created_at", "updated_at") VALUES (?, ?, ?, ?)[0m  [["name", "Margherita"], ["ingredients", nil], ["created_at", "2023-03-20 12:18:34.441690"], ["updated_at", "2023-03-20 12:18:34.441690"]]
  [1m[36mTRANSACTION (3.7ms)[0m  [1m[36mcommit transaction[0m
  [1m[36mTRANSACTION (0.1ms)[0m  [1m[36mbegin transaction[0m
  [1m[36mPizza Create (0.3ms)[0m  [1m[32mINSERT INTO "pizzas" ("name", "ingredients", "created_at", "updated_at") VALUES (?, ?, ?, ?)[0m  [["name", "Pepperoni"], ["ingredients", nil], ["created_at", "2023-03-20 12:18:34.448704"], ["updated_at", "2023-03-20 12:18:34.448704"]]
  [1m[36mTRANSACTION (3.0ms)[0m  [1m[36mcommit transaction[0m
  [1m[36mTRANSACTION (0.0ms)[0m  [1m[36mbegin transaction[0m
  [1m[36mPizza Create (0.2ms)[0m  [1m[32mINSERT INTO "pizzas" ("name", "ingredients", "created_at", "updated_at") VALUES (?, ?, ?, ?)[0m  [["name", "Hawaiian"], ["ingredients", nil], ["created_at", "2023-03-20 12:18:34.455261"], ["updated_at", "2023-03-20 12:18:34.455261"]]
  [1m[36mTRANSACTION (3.5ms)[0m  [1m[36mcommit transaction[0m
  [1m[36mTRANSACTION (0.1ms)[0m  [1m[36mbegin transaction[0m
  [1m[36mPizza Create (0.2ms)[0m  [1m[32mINSERT INTO "pizzas" ("name", "ingredients", "created_at", "updated_at") VALUES (?, ?, ?, ?)[0m  [["name", "Meat Lover's"], ["ingredients", nil], ["created_at", "2023-03-20 12:18:34.461432"], ["updated_at", "2023-03-20 12:18:34.461432"]]
  [1m[36mTRANSACTION (3.4ms)[0m  [1m[36mcommit transaction[0m
  [1m[36mTRANSACTION (0.1ms)[0m  [1m[36mbegin transaction[0m
  [1m[36mPizza Create (0.2ms)[0m  [1m[32mINSERT INTO "pizzas" ("name", "ingredients", "created_at", "updated_at") VALUES (?, ?, ?, ?)[0m  [["name", "Veggie"], ["ingredients", nil], ["created_at", "2023-03-20 12:18:34.467897"], ["updated_at", "2023-03-20 12:18:34.467897"]]
  [1m[36mTRANSACTION (3.7ms)[0m  [1m[36mcommit transaction[0m
  [1m[36mActiveRecord::SchemaMigration Pluck (0.1ms)[0m  [1m[34mSELECT "schema_migrations"."version" FROM "schema_migrations" ORDER BY "schema_migrations"."version" ASC[0m
  [1m[36mTRANSACTION (0.1ms)[0m  [1m[36mbegin transaction[0m
  [1m[36mPizza Create (0.3ms)[0m  [1m[32mINSERT INTO "pizzas" ("name", "ingredients", "created_at", "updated_at") VALUES (?, ?, ?, ?)[0m  [["name", "Margherita"], ["ingredients", "tomato sauce, mozzarella, basil"], ["created_at", "2023-03-20 12:24:04.767611"], ["updated_at", "2023-03-20 12:24:04.767611"]]
  [1m[36mTRANSACTION (3.7ms)[0m  [1m[36mcommit transaction[0m
  [1m[36mTRANSACTION (0.0ms)[0m  [1m[36mbegin transaction[0m
  [1m[36mPizza Create (0.2ms)[0m  [1m[32mINSERT INTO "pizzas" ("name", "ingredients", "created_at", "updated_at") VALUES (?, ?, ?, ?)[0m  [["name", "Pepperoni"], ["ingredients", "tomato sauce, mozzarella, pepperoni"], ["created_at", "2023-03-20 12:24:04.774508"], ["updated_at", "2023-03-20 12:24:04.774508"]]
  [1m[36mTRANSACTION (3.7ms)[0m  [1m[36mcommit transaction[0m
  [1m[36mTRANSACTION (0.1ms)[0m  [1m[36mbegin transaction[0m
  [1m[36mPizza Create (0.2ms)[0m  [1m[32mINSERT INTO "pizzas" ("name", "ingredients", "created_at", "updated_at") VALUES (?, ?, ?, ?)[0m  [["name", "Hawaiian"], ["ingredients", "tomato sauce, mozzarella, ham, pineapple"], ["created_at", "2023-03-20 12:24:04.780976"], ["updated_at", "2023-03-20 12:24:04.780976"]]
  [1m[36mTRANSACTION (3.3ms)[0m  [1m[36mcommit transaction[0m
  [1m[36mTRANSACTION (0.0ms)[0m  [1m[36mbegin transaction[0m
  [1m[36mPizza Create (0.2ms)[0m  [1m[32mINSERT INTO "pizzas" ("name", "ingredients", "created_at", "updated_at") VALUES (?, ?, ?, ?)[0m  [["name", "Meat Lover's"], ["ingredients", "tomato sauce, mozzarella, sausage, bacon, pepperoni"], ["created_at", "2023-03-20 12:24:04.786958"], ["updated_at", "2023-03-20 12:24:04.786958"]]
  [1m[36mTRANSACTION (3.6ms)[0m  [1m[36mcommit transaction[0m
  [1m[36mTRANSACTION (0.1ms)[0m  [1m[36mbegin transaction[0m
  [1m[36mPizza Create (0.2ms)[0m  [1m[32mINSERT INTO "pizzas" ("name", "ingredients", "created_at", "updated_at") VALUES (?, ?, ?, ?)[0m  [["name", "Veggie"], ["ingredients", "tomato sauce, mozzarella, bell peppers, onions, mushrooms"], ["created_at", "2023-03-20 12:24:04.793345"], ["updated_at", "2023-03-20 12:24:04.793345"]]
  [1m[36mTRANSACTION (3.4ms)[0m  [1m[36mcommit transaction[0m
  [1m[35m (10.3ms)[0m  [1m[35mCREATE TABLE "schema_migrations" ("version" varchar NOT NULL PRIMARY KEY)[0m
  [1m[35m (4.6ms)[0m  [1m[35mCREATE TABLE "ar_internal_metadata" ("key" varchar NOT NULL PRIMARY KEY, "value" varchar, "created_at" datetime(6) NOT NULL, "updated_at" datetime(6) NOT NULL)[0m
  [1m[36mActiveRecord::SchemaMigration Pluck (0.1ms)[0m  [1m[34mSELECT "schema_migrations"."version" FROM "schema_migrations" ORDER BY "schema_migrations"."version" ASC[0m
Migrating to CreatePizzas (20230320100158)
  [1m[36mTRANSACTION (0.0ms)[0m  [1m[36mbegin transaction[0m
  [1m[35m (0.3ms)[0m  [1m[35mCREATE TABLE "pizzas" ("id" integer PRIMARY KEY AUTOINCREMENT NOT NULL, "name" varchar, "ingredients" varchar, "created_at" datetime(6) NOT NULL, "updated_at" datetime(6) NOT NULL)[0m
  [1m[36mActiveRecord::SchemaMigration Create (0.6ms)[0m  [1m[32mINSERT INTO "schema_migrations" ("version") VALUES (?)[0m  [["version", "20230320100158"]]
  [1m[36mTRANSACTION (4.5ms)[0m  [1m[36mcommit transaction[0m
Migrating to CreateRestaurants (20230320103650)
  [1m[36mTRANSACTION (0.1ms)[0m  [1m[36mbegin transaction[0m
  [1m[35m (0.4ms)[0m  [1m[35mCREATE TABLE "restaurants" ("id" integer PRIMARY KEY AUTOINCREMENT NOT NULL, "name" varchar, "address" varchar, "created_at" datetime(6) NOT NULL, "updated_at" datetime(6) NOT NULL)[0m
  [1m[36mActiveRecord::SchemaMigration Create (0.2ms)[0m  [1m[32mINSERT INTO "schema_migrations" ("version") VALUES (?)[0m  [["version", "20230320103650"]]
  [1m[36mTRANSACTION (4.5ms)[0m  [1m[36mcommit transaction[0m
Migrating to CreateRestaurantPizzas (20230320113603)
  [1m[36mTRANSACTION (0.1ms)[0m  [1m[36mbegin transaction[0m
  [1m[35m (0.3ms)[0m  [1m[35mCREATE TABLE "restaurant_pizzas" ("id" integer PRIMARY KEY AUTOINCREMENT NOT NULL, "restaurant_id" integer NOT NULL, "pizza_id" integer NOT NULL, "price" integer, "created_at" datetime(6) NOT NULL, "updated_at" datetime(6) NOT NULL, CONSTRAINT "fk_rails_f279821f06"
FOREIGN KEY ("restaurant_id")
  REFERENCES "restaurants" ("id")
, CONSTRAINT "fk_rails_ab3bb148dc"
FOREIGN KEY ("pizza_id")
  REFERENCES "pizzas" ("id")
)[0m
  [1m[35m (0.3ms)[0m  [1m[35mCREATE INDEX "index_restaurant_pizzas_on_restaurant_id" ON "restaurant_pizzas" ("restaurant_id")[0m
  [1m[35m (0.2ms)[0m  [1m[35mCREATE INDEX "index_restaurant_pizzas_on_pizza_id" ON "restaurant_pizzas" ("pizza_id")[0m
  [1m[36mActiveRecord::SchemaMigration Create (0.2ms)[0m  [1m[32mINSERT INTO "schema_migrations" ("version") VALUES (?)[0m  [["version", "20230320113603"]]
  [1m[36mTRANSACTION (4.5ms)[0m  [1m[36mcommit transaction[0m
  [1m[36mActiveRecord::InternalMetadata Load (0.3ms)[0m  [1m[34mSELECT "ar_internal_metadata".* FROM "ar_internal_metadata" WHERE "ar_internal_metadata"."key" = ? LIMIT ?[0m  [["key", "environment"], ["LIMIT", 1]]
  [1m[36mTRANSACTION (0.1ms)[0m  [1m[36mbegin transaction[0m
  [1m[36mActiveRecord::InternalMetadata Create (0.3ms)[0m  [1m[32mINSERT INTO "ar_internal_metadata" ("key", "value", "created_at", "updated_at") VALUES (?, ?, ?, ?)[0m  [["key", "environment"], ["value", "development"], ["created_at", "2023-03-20 12:25:18.532109"], ["updated_at", "2023-03-20 12:25:18.532109"]]
  [1m[36mTRANSACTION (3.4ms)[0m  [1m[36mcommit transaction[0m
  [1m[36mActiveRecord::SchemaMigration Pluck (0.1ms)[0m  [1m[34mSELECT "schema_migrations"."version" FROM "schema_migrations" ORDER BY "schema_migrations"."version" ASC[0m
  [1m[36mActiveRecord::SchemaMigration Pluck (0.1ms)[0m  [1m[34mSELECT "schema_migrations"."version" FROM "schema_migrations" ORDER BY "schema_migrations"."version" ASC[0m
  [1m[36mTRANSACTION (0.1ms)[0m  [1m[36mbegin transaction[0m
  [1m[36mPizza Create (0.2ms)[0m  [1m[32mINSERT INTO "pizzas" ("name", "ingredients", "created_at", "updated_at") VALUES (?, ?, ?, ?)[0m  [["name", "Margherita"], ["ingredients", "tomato sauce, mozzarella, basil"], ["created_at", "2023-03-20 12:25:35.685857"], ["updated_at", "2023-03-20 12:25:35.685857"]]
  [1m[36mTRANSACTION (9.1ms)[0m  [1m[36mcommit transaction[0m
  [1m[36mTRANSACTION (0.0ms)[0m  [1m[36mbegin transaction[0m
  [1m[36mPizza Create (0.2ms)[0m  [1m[32mINSERT INTO "pizzas" ("name", "ingredients", "created_at", "updated_at") VALUES (?, ?, ?, ?)[0m  [["name", "Pepperoni"], ["ingredients", "tomato sauce, mozzarella, pepperoni"], ["created_at", "2023-03-20 12:25:35.698132"], ["updated_at", "2023-03-20 12:25:35.698132"]]
  [1m[36mTRANSACTION (3.4ms)[0m  [1m[36mcommit transaction[0m
  [1m[36mTRANSACTION (0.0ms)[0m  [1m[36mbegin transaction[0m
  [1m[36mPizza Create (0.2ms)[0m  [1m[32mINSERT INTO "pizzas" ("name", "ingredients", "created_at", "updated_at") VALUES (?, ?, ?, ?)[0m  [["name", "Hawaiian"], ["ingredients", "tomato sauce, mozzarella, ham, pineapple"], ["created_at", "2023-03-20 12:25:35.704167"], ["updated_at", "2023-03-20 12:25:35.704167"]]
  [1m[36mTRANSACTION (3.2ms)[0m  [1m[36mcommit transaction[0m
  [1m[36mTRANSACTION (0.0ms)[0m  [1m[36mbegin transaction[0m
  [1m[36mPizza Create (0.2ms)[0m  [1m[32mINSERT INTO "pizzas" ("name", "ingredients", "created_at", "updated_at") VALUES (?, ?, ?, ?)[0m  [["name", "Meat Lover's"], ["ingredients", "tomato sauce, mozzarella, sausage, bacon, pepperoni"], ["created_at", "2023-03-20 12:25:35.709922"], ["updated_at", "2023-03-20 12:25:35.709922"]]
  [1m[36mTRANSACTION (3.5ms)[0m  [1m[36mcommit transaction[0m
  [1m[36mTRANSACTION (0.0ms)[0m  [1m[36mbegin transaction[0m
  [1m[36mPizza Create (0.2ms)[0m  [1m[32mINSERT INTO "pizzas" ("name", "ingredients", "created_at", "updated_at") VALUES (?, ?, ?, ?)[0m  [["name", "Veggie"], ["ingredients", "tomato sauce, mozzarella, bell peppers, onions, mushrooms"], ["created_at", "2023-03-20 12:25:35.715951"], ["updated_at", "2023-03-20 12:25:35.715951"]]
  [1m[36mTRANSACTION (3.5ms)[0m  [1m[36mcommit transaction[0m
  [1m[36mActiveRecord::SchemaMigration Pluck (0.1ms)[0m  [1m[34mSELECT "schema_migrations"."version" FROM "schema_migrations" ORDER BY "schema_migrations"."version" ASC[0m
  [1m[36mTRANSACTION (0.1ms)[0m  [1m[36mbegin transaction[0m
  [1m[36mPizza Create (0.2ms)[0m  [1m[32mINSERT INTO "pizzas" ("name", "ingredients", "created_at", "updated_at") VALUES (?, ?, ?, ?)[0m  [["name", "Margherita"], ["ingredients", "tomato sauce, mozzarella, basil"], ["created_at", "2023-03-20 12:30:34.118950"], ["updated_at", "2023-03-20 12:30:34.118950"]]
  [1m[36mTRANSACTION (3.7ms)[0m  [1m[36mcommit transaction[0m
  [1m[36mTRANSACTION (0.0ms)[0m  [1m[36mbegin transaction[0m
  [1m[36mPizza Create (0.2ms)[0m  [1m[32mINSERT INTO "pizzas" ("name", "ingredients", "created_at", "updated_at") VALUES (?, ?, ?, ?)[0m  [["name", "Pepperoni"], ["ingredients", "tomato sauce, mozzarella, pepperoni"], ["created_at", "2023-03-20 12:30:34.125938"], ["updated_at", "2023-03-20 12:30:34.125938"]]
  [1m[36mTRANSACTION (3.3ms)[0m  [1m[36mcommit transaction[0m
  [1m[36mTRANSACTION (0.0ms)[0m  [1m[36mbegin transaction[0m
  [1m[36mPizza Create (0.2ms)[0m  [1m[32mINSERT INTO "pizzas" ("name", "ingredients", "created_at", "updated_at") VALUES (?, ?, ?, ?)[0m  [["name", "Hawaiian"], ["ingredients", "tomato sauce, mozzarella, ham, pineapple"], ["created_at", "2023-03-20 12:30:34.131892"], ["updated_at", "2023-03-20 12:30:34.131892"]]
  [1m[36mTRANSACTION (3.5ms)[0m  [1m[36mcommit transaction[0m
  [1m[36mTRANSACTION (0.0ms)[0m  [1m[36mbegin transaction[0m
  [1m[36mPizza Create (0.2ms)[0m  [1m[32mINSERT INTO "pizzas" ("name", "ingredients", "created_at", "updated_at") VALUES (?, ?, ?, ?)[0m  [["name", "Meat Lover's"], ["ingredients", "tomato sauce, mozzarella, sausage, bacon, pepperoni"], ["created_at", "2023-03-20 12:30:34.138016"], ["updated_at", "2023-03-20 12:30:34.138016"]]
  [1m[36mTRANSACTION (3.4ms)[0m  [1m[36mcommit transaction[0m
  [1m[36mTRANSACTION (0.0ms)[0m  [1m[36mbegin transaction[0m
  [1m[36mPizza Create (0.2ms)[0m  [1m[32mINSERT INTO "pizzas" ("name", "ingredients", "created_at", "updated_at") VALUES (?, ?, ?, ?)[0m  [["name", "Veggie"], ["ingredients", "tomato sauce, mozzarella, bell peppers, onions, mushrooms"], ["created_at", "2023-03-20 12:30:34.144115"], ["updated_at", "2023-03-20 12:30:34.144115"]]
  [1m[36mTRANSACTION (3.6ms)[0m  [1m[36mcommit transaction[0m
  [1m[36mTRANSACTION (0.0ms)[0m  [1m[36mbegin transaction[0m
  [1m[36mRestaurant Create (0.2ms)[0m  [1m[32mINSERT INTO "restaurants" ("name", "address", "created_at", "updated_at") VALUES (?, ?, ?, ?)[0m  [["name", "Joe's Pizza"], ["address", "123 Main St"], ["created_at", "2023-03-20 12:30:34.161620"], ["updated_at", "2023-03-20 12:30:34.161620"]]
  [1m[36mTRANSACTION (3.4ms)[0m  [1m[36mcommit transaction[0m
  [1m[36mTRANSACTION (0.1ms)[0m  [1m[36mbegin transaction[0m
  [1m[36mRestaurant Create (0.2ms)[0m  [1m[32mINSERT INTO "restaurants" ("name", "address", "created_at", "updated_at") VALUES (?, ?, ?, ?)[0m  [["name", "Papa John's"], ["address", "456 Elm St"], ["created_at", "2023-03-20 12:30:34.167876"], ["updated_at", "2023-03-20 12:30:34.167876"]]
  [1m[36mTRANSACTION (3.3ms)[0m  [1m[36mcommit transaction[0m
  [1m[36mTRANSACTION (0.0ms)[0m  [1m[36mbegin transaction[0m
  [1m[36mRestaurant Create (0.2ms)[0m  [1m[32mINSERT INTO "restaurants" ("name", "address", "created_at", "updated_at") VALUES (?, ?, ?, ?)[0m  [["name", "Pizza Hut"], ["address", "789 Oak St"], ["created_at", "2023-03-20 12:30:34.173944"], ["updated_at", "2023-03-20 12:30:34.173944"]]
  [1m[36mTRANSACTION (3.5ms)[0m  [1m[36mcommit transaction[0m
